<?xml version="1.0" encoding="UTF-8"?>
<testsuite xmlns:xsi="http://www.w3.org/2001/XMLSchema-instance" xsi:noNamespaceSchemaLocation="https://maven.apache.org/surefire/maven-surefire-plugin/xsd/surefire-test-report.xsd" version="3.0.2" name="com.employee.management.demo.controller.EmployeeControllerTest" time="4.097" tests="2" errors="0" skipped="0" failures="0">
  <properties>
    <property name="awt.toolkit" value="sun.lwawt.macosx.LWCToolkit"/>
    <property name="jdk.extensions.version" value="17.0.9.0"/>
    <property name="java.specification.version" value="17"/>
    <property name="file.encoding.pkg" value="sun.io"/>
    <property name="sun.jnu.encoding" value="UTF-8"/>
    <property name="java.class.path" value="/Users/mennatallahyahia/EmployeeManagementApi/target/test-classes:/Users/mennatallahyahia/EmployeeManagementApi/target/classes:/Users/mennatallahyahia/.m2/repository/org/springframework/boot/spring-boot-starter-data-jpa/3.5.0-SNAPSHOT/spring-boot-starter-data-jpa-3.5.0-SNAPSHOT.jar:/Users/mennatallahyahia/.m2/repository/org/springframework/boot/spring-boot-starter-jdbc/3.5.0-SNAPSHOT/spring-boot-starter-jdbc-3.5.0-SNAPSHOT.jar:/Users/mennatallahyahia/.m2/repository/com/zaxxer/HikariCP/6.2.1/HikariCP-6.2.1.jar:/Users/mennatallahyahia/.m2/repository/org/springframework/spring-jdbc/6.2.2/spring-jdbc-6.2.2.jar:/Users/mennatallahyahia/.m2/repository/org/hibernate/orm/hibernate-core/6.6.6.Final/hibernate-core-6.6.6.Final.jar:/Users/mennatallahyahia/.m2/repository/jakarta/persistence/jakarta.persistence-api/3.1.0/jakarta.persistence-api-3.1.0.jar:/Users/mennatallahyahia/.m2/repository/jakarta/transaction/jakarta.transaction-api/2.0.1/jakarta.transaction-api-2.0.1.jar:/Users/mennatallahyahia/.m2/repository/org/jboss/logging/jboss-logging/3.6.1.Final/jboss-logging-3.6.1.Final.jar:/Users/mennatallahyahia/.m2/repository/org/hibernate/common/hibernate-commons-annotations/7.0.3.Final/hibernate-commons-annotations-7.0.3.Final.jar:/Users/mennatallahyahia/.m2/repository/io/smallrye/jandex/3.2.0/jandex-3.2.0.jar:/Users/mennatallahyahia/.m2/repository/com/fasterxml/classmate/1.7.0/classmate-1.7.0.jar:/Users/mennatallahyahia/.m2/repository/net/bytebuddy/byte-buddy/1.17.0/byte-buddy-1.17.0.jar:/Users/mennatallahyahia/.m2/repository/org/glassfish/jaxb/jaxb-runtime/4.0.5/jaxb-runtime-4.0.5.jar:/Users/mennatallahyahia/.m2/repository/org/glassfish/jaxb/jaxb-core/4.0.5/jaxb-core-4.0.5.jar:/Users/mennatallahyahia/.m2/repository/org/eclipse/angus/angus-activation/2.0.2/angus-activation-2.0.2.jar:/Users/mennatallahyahia/.m2/repository/org/glassfish/jaxb/txw2/4.0.5/txw2-4.0.5.jar:/Users/mennatallahyahia/.m2/repository/com/sun/istack/istack-commons-runtime/4.1.2/istack-commons-runtime-4.1.2.jar:/Users/mennatallahyahia/.m2/repository/jakarta/inject/jakarta.inject-api/2.0.1/jakarta.inject-api-2.0.1.jar:/Users/mennatallahyahia/.m2/repository/org/antlr/antlr4-runtime/4.13.0/antlr4-runtime-4.13.0.jar:/Users/mennatallahyahia/.m2/repository/org/springframework/data/spring-data-jpa/3.5.0-SNAPSHOT/spring-data-jpa-3.5.0-SNAPSHOT.jar:/Users/mennatallahyahia/.m2/repository/org/springframework/data/spring-data-commons/3.5.0-SNAPSHOT/spring-data-commons-3.5.0-SNAPSHOT.jar:/Users/mennatallahyahia/.m2/repository/org/springframework/spring-orm/6.2.2/spring-orm-6.2.2.jar:/Users/mennatallahyahia/.m2/repository/org/springframework/spring-context/6.2.2/spring-context-6.2.2.jar:/Users/mennatallahyahia/.m2/repository/org/springframework/spring-aop/6.2.2/spring-aop-6.2.2.jar:/Users/mennatallahyahia/.m2/repository/org/springframework/spring-tx/6.2.2/spring-tx-6.2.2.jar:/Users/mennatallahyahia/.m2/repository/org/springframework/spring-beans/6.2.2/spring-beans-6.2.2.jar:/Users/mennatallahyahia/.m2/repository/org/springframework/spring-aspects/6.2.2/spring-aspects-6.2.2.jar:/Users/mennatallahyahia/.m2/repository/org/aspectj/aspectjweaver/1.9.22.1/aspectjweaver-1.9.22.1.jar:/Users/mennatallahyahia/.m2/repository/org/springframework/boot/spring-boot-starter-web/3.5.0-SNAPSHOT/spring-boot-starter-web-3.5.0-SNAPSHOT.jar:/Users/mennatallahyahia/.m2/repository/org/springframework/boot/spring-boot-starter-json/3.5.0-SNAPSHOT/spring-boot-starter-json-3.5.0-SNAPSHOT.jar:/Users/mennatallahyahia/.m2/repository/com/fasterxml/jackson/core/jackson-databind/2.18.2/jackson-databind-2.18.2.jar:/Users/mennatallahyahia/.m2/repository/com/fasterxml/jackson/core/jackson-annotations/2.18.2/jackson-annotations-2.18.2.jar:/Users/mennatallahyahia/.m2/repository/com/fasterxml/jackson/core/jackson-core/2.18.2/jackson-core-2.18.2.jar:/Users/mennatallahyahia/.m2/repository/com/fasterxml/jackson/datatype/jackson-datatype-jdk8/2.18.2/jackson-datatype-jdk8-2.18.2.jar:/Users/mennatallahyahia/.m2/repository/com/fasterxml/jackson/datatype/jackson-datatype-jsr310/2.18.2/jackson-datatype-jsr310-2.18.2.jar:/Users/mennatallahyahia/.m2/repository/com/fasterxml/jackson/module/jackson-module-parameter-names/2.18.2/jackson-module-parameter-names-2.18.2.jar:/Users/mennatallahyahia/.m2/repository/org/springframework/boot/spring-boot-starter-tomcat/3.5.0-SNAPSHOT/spring-boot-starter-tomcat-3.5.0-SNAPSHOT.jar:/Users/mennatallahyahia/.m2/repository/org/apache/tomcat/embed/tomcat-embed-core/10.1.34/tomcat-embed-core-10.1.34.jar:/Users/mennatallahyahia/.m2/repository/org/apache/tomcat/embed/tomcat-embed-websocket/10.1.34/tomcat-embed-websocket-10.1.34.jar:/Users/mennatallahyahia/.m2/repository/org/springframework/spring-web/6.2.2/spring-web-6.2.2.jar:/Users/mennatallahyahia/.m2/repository/io/micrometer/micrometer-observation/1.15.0-SNAPSHOT/micrometer-observation-1.15.0-SNAPSHOT.jar:/Users/mennatallahyahia/.m2/repository/io/micrometer/micrometer-commons/1.15.0-SNAPSHOT/micrometer-commons-1.15.0-SNAPSHOT.jar:/Users/mennatallahyahia/.m2/repository/org/springframework/spring-webmvc/6.2.2/spring-webmvc-6.2.2.jar:/Users/mennatallahyahia/.m2/repository/org/springframework/spring-expression/6.2.2/spring-expression-6.2.2.jar:/Users/mennatallahyahia/.m2/repository/org/springframework/boot/spring-boot-starter/3.5.0-SNAPSHOT/spring-boot-starter-3.5.0-SNAPSHOT.jar:/Users/mennatallahyahia/.m2/repository/org/springframework/boot/spring-boot/3.5.0-SNAPSHOT/spring-boot-3.5.0-SNAPSHOT.jar:/Users/mennatallahyahia/.m2/repository/org/springframework/boot/spring-boot-autoconfigure/3.5.0-SNAPSHOT/spring-boot-autoconfigure-3.5.0-SNAPSHOT.jar:/Users/mennatallahyahia/.m2/repository/org/springframework/boot/spring-boot-starter-logging/3.5.0-SNAPSHOT/spring-boot-starter-logging-3.5.0-SNAPSHOT.jar:/Users/mennatallahyahia/.m2/repository/org/apache/logging/log4j/log4j-to-slf4j/2.24.3/log4j-to-slf4j-2.24.3.jar:/Users/mennatallahyahia/.m2/repository/org/apache/logging/log4j/log4j-api/2.24.3/log4j-api-2.24.3.jar:/Users/mennatallahyahia/.m2/repository/org/slf4j/jul-to-slf4j/2.0.16/jul-to-slf4j-2.0.16.jar:/Users/mennatallahyahia/.m2/repository/jakarta/annotation/jakarta.annotation-api/2.1.1/jakarta.annotation-api-2.1.1.jar:/Users/mennatallahyahia/.m2/repository/org/springframework/spring-core/6.2.2/spring-core-6.2.2.jar:/Users/mennatallahyahia/.m2/repository/org/springframework/spring-jcl/6.2.2/spring-jcl-6.2.2.jar:/Users/mennatallahyahia/.m2/repository/org/yaml/snakeyaml/2.3/snakeyaml-2.3.jar:/Users/mennatallahyahia/.m2/repository/ch/qos/logback/logback-classic/1.5.16/logback-classic-1.5.16.jar:/Users/mennatallahyahia/.m2/repository/ch/qos/logback/logback-core/1.5.16/logback-core-1.5.16.jar:/Users/mennatallahyahia/.m2/repository/org/slf4j/slf4j-api/2.0.16/slf4j-api-2.0.16.jar:/Users/mennatallahyahia/.m2/repository/org/springframework/boot/spring-boot-starter-validation/3.5.0-SNAPSHOT/spring-boot-starter-validation-3.5.0-SNAPSHOT.jar:/Users/mennatallahyahia/.m2/repository/org/apache/tomcat/embed/tomcat-embed-el/10.1.34/tomcat-embed-el-10.1.34.jar:/Users/mennatallahyahia/.m2/repository/org/hibernate/validator/hibernate-validator/8.0.2.Final/hibernate-validator-8.0.2.Final.jar:/Users/mennatallahyahia/.m2/repository/jakarta/validation/jakarta.validation-api/3.0.2/jakarta.validation-api-3.0.2.jar:/Users/mennatallahyahia/.m2/repository/com/h2database/h2/2.3.232/h2-2.3.232.jar:/Users/mennatallahyahia/.m2/repository/org/springframework/boot/spring-boot-starter-test/3.5.0-SNAPSHOT/spring-boot-starter-test-3.5.0-SNAPSHOT.jar:/Users/mennatallahyahia/.m2/repository/org/springframework/boot/spring-boot-test/3.5.0-SNAPSHOT/spring-boot-test-3.5.0-SNAPSHOT.jar:/Users/mennatallahyahia/.m2/repository/org/springframework/boot/spring-boot-test-autoconfigure/3.5.0-SNAPSHOT/spring-boot-test-autoconfigure-3.5.0-SNAPSHOT.jar:/Users/mennatallahyahia/.m2/repository/com/jayway/jsonpath/json-path/2.9.0/json-path-2.9.0.jar:/Users/mennatallahyahia/.m2/repository/jakarta/xml/bind/jakarta.xml.bind-api/4.0.2/jakarta.xml.bind-api-4.0.2.jar:/Users/mennatallahyahia/.m2/repository/jakarta/activation/jakarta.activation-api/2.1.3/jakarta.activation-api-2.1.3.jar:/Users/mennatallahyahia/.m2/repository/net/minidev/json-smart/2.5.1/json-smart-2.5.1.jar:/Users/mennatallahyahia/.m2/repository/net/minidev/accessors-smart/2.5.1/accessors-smart-2.5.1.jar:/Users/mennatallahyahia/.m2/repository/org/ow2/asm/asm/9.6/asm-9.6.jar:/Users/mennatallahyahia/.m2/repository/org/assertj/assertj-core/3.27.3/assertj-core-3.27.3.jar:/Users/mennatallahyahia/.m2/repository/org/awaitility/awaitility/4.2.2/awaitility-4.2.2.jar:/Users/mennatallahyahia/.m2/repository/org/hamcrest/hamcrest/3.0/hamcrest-3.0.jar:/Users/mennatallahyahia/.m2/repository/org/junit/jupiter/junit-jupiter/5.11.4/junit-jupiter-5.11.4.jar:/Users/mennatallahyahia/.m2/repository/org/junit/jupiter/junit-jupiter-api/5.11.4/junit-jupiter-api-5.11.4.jar:/Users/mennatallahyahia/.m2/repository/org/opentest4j/opentest4j/1.3.0/opentest4j-1.3.0.jar:/Users/mennatallahyahia/.m2/repository/org/junit/platform/junit-platform-commons/1.11.4/junit-platform-commons-1.11.4.jar:/Users/mennatallahyahia/.m2/repository/org/apiguardian/apiguardian-api/1.1.2/apiguardian-api-1.1.2.jar:/Users/mennatallahyahia/.m2/repository/org/junit/jupiter/junit-jupiter-params/5.11.4/junit-jupiter-params-5.11.4.jar:/Users/mennatallahyahia/.m2/repository/org/junit/jupiter/junit-jupiter-engine/5.11.4/junit-jupiter-engine-5.11.4.jar:/Users/mennatallahyahia/.m2/repository/org/junit/platform/junit-platform-engine/1.11.4/junit-platform-engine-1.11.4.jar:/Users/mennatallahyahia/.m2/repository/org/mockito/mockito-core/5.15.2/mockito-core-5.15.2.jar:/Users/mennatallahyahia/.m2/repository/net/bytebuddy/byte-buddy-agent/1.17.0/byte-buddy-agent-1.17.0.jar:/Users/mennatallahyahia/.m2/repository/org/objenesis/objenesis/3.3/objenesis-3.3.jar:/Users/mennatallahyahia/.m2/repository/org/mockito/mockito-junit-jupiter/5.15.2/mockito-junit-jupiter-5.15.2.jar:/Users/mennatallahyahia/.m2/repository/org/skyscreamer/jsonassert/1.5.3/jsonassert-1.5.3.jar:/Users/mennatallahyahia/.m2/repository/com/vaadin/external/google/android-json/0.0.20131108.vaadin1/android-json-0.0.20131108.vaadin1.jar:/Users/mennatallahyahia/.m2/repository/org/springframework/spring-test/6.2.2/spring-test-6.2.2.jar:/Users/mennatallahyahia/.m2/repository/org/xmlunit/xmlunit-core/2.10.0/xmlunit-core-2.10.0.jar:/Users/mennatallahyahia/.m2/repository/org/mapstruct/mapstruct/1.6.3/mapstruct-1.6.3.jar:/Users/mennatallahyahia/.m2/repository/org/springdoc/springdoc-openapi-starter-webmvc-ui/2.6.0/springdoc-openapi-starter-webmvc-ui-2.6.0.jar:/Users/mennatallahyahia/.m2/repository/org/springdoc/springdoc-openapi-starter-webmvc-api/2.6.0/springdoc-openapi-starter-webmvc-api-2.6.0.jar:/Users/mennatallahyahia/.m2/repository/org/springdoc/springdoc-openapi-starter-common/2.6.0/springdoc-openapi-starter-common-2.6.0.jar:/Users/mennatallahyahia/.m2/repository/io/swagger/core/v3/swagger-core-jakarta/2.2.22/swagger-core-jakarta-2.2.22.jar:/Users/mennatallahyahia/.m2/repository/org/apache/commons/commons-lang3/3.17.0/commons-lang3-3.17.0.jar:/Users/mennatallahyahia/.m2/repository/io/swagger/core/v3/swagger-annotations-jakarta/2.2.22/swagger-annotations-jakarta-2.2.22.jar:/Users/mennatallahyahia/.m2/repository/io/swagger/core/v3/swagger-models-jakarta/2.2.22/swagger-models-jakarta-2.2.22.jar:/Users/mennatallahyahia/.m2/repository/com/fasterxml/jackson/dataformat/jackson-dataformat-yaml/2.18.2/jackson-dataformat-yaml-2.18.2.jar:/Users/mennatallahyahia/.m2/repository/org/webjars/swagger-ui/5.17.14/swagger-ui-5.17.14.jar:"/>
    <property name="java.vm.vendor" value="Eclipse OpenJ9"/>
    <property name="com.ibm.vm.bitmode" value="64"/>
    <property name="sun.arch.data.model" value="64"/>
    <property name="user.variant" value=""/>
    <property name="com.ibm.oti.vm.library.version" value="29"/>
    <property name="java.vendor.url" value="https://www.ibm.com/semeru-runtimes"/>
    <property name="user.timezone" value="Africa/Cairo"/>
    <property name="org.jboss.logging.provider" value="slf4j"/>
    <property name="os.name" value="Mac OS X"/>
    <property name="java.vm.specification.version" value="17"/>
    <property name="user.country" value="US"/>
    <property name="sun.java.launcher" value="SUN_STANDARD"/>
    <property name="sun.boot.library.path" value="/Users/mennatallahyahia/Library/Java/JavaVirtualMachines/semeru-17.0.9/Contents/Home/lib/default:/Users/mennatallahyahia/Library/Java/JavaVirtualMachines/semeru-17.0.9/Contents/Home/lib"/>
    <property name="sun.java.command" value="/Users/mennatallahyahia/EmployeeManagementApi/target/surefire/surefirebooter-20250210022258915_3.jar /Users/mennatallahyahia/EmployeeManagementApi/target/surefire 2025-02-10T02-22-58_804-jvmRun1 surefire-20250210022258915_1tmp surefire_0-20250210022258915_2tmp"/>
    <property name="surefire.test.class.path" value="/Users/mennatallahyahia/EmployeeManagementApi/target/test-classes:/Users/mennatallahyahia/EmployeeManagementApi/target/classes:/Users/mennatallahyahia/.m2/repository/org/springframework/boot/spring-boot-starter-data-jpa/3.5.0-SNAPSHOT/spring-boot-starter-data-jpa-3.5.0-SNAPSHOT.jar:/Users/mennatallahyahia/.m2/repository/org/springframework/boot/spring-boot-starter-jdbc/3.5.0-SNAPSHOT/spring-boot-starter-jdbc-3.5.0-SNAPSHOT.jar:/Users/mennatallahyahia/.m2/repository/com/zaxxer/HikariCP/6.2.1/HikariCP-6.2.1.jar:/Users/mennatallahyahia/.m2/repository/org/springframework/spring-jdbc/6.2.2/spring-jdbc-6.2.2.jar:/Users/mennatallahyahia/.m2/repository/org/hibernate/orm/hibernate-core/6.6.6.Final/hibernate-core-6.6.6.Final.jar:/Users/mennatallahyahia/.m2/repository/jakarta/persistence/jakarta.persistence-api/3.1.0/jakarta.persistence-api-3.1.0.jar:/Users/mennatallahyahia/.m2/repository/jakarta/transaction/jakarta.transaction-api/2.0.1/jakarta.transaction-api-2.0.1.jar:/Users/mennatallahyahia/.m2/repository/org/jboss/logging/jboss-logging/3.6.1.Final/jboss-logging-3.6.1.Final.jar:/Users/mennatallahyahia/.m2/repository/org/hibernate/common/hibernate-commons-annotations/7.0.3.Final/hibernate-commons-annotations-7.0.3.Final.jar:/Users/mennatallahyahia/.m2/repository/io/smallrye/jandex/3.2.0/jandex-3.2.0.jar:/Users/mennatallahyahia/.m2/repository/com/fasterxml/classmate/1.7.0/classmate-1.7.0.jar:/Users/mennatallahyahia/.m2/repository/net/bytebuddy/byte-buddy/1.17.0/byte-buddy-1.17.0.jar:/Users/mennatallahyahia/.m2/repository/org/glassfish/jaxb/jaxb-runtime/4.0.5/jaxb-runtime-4.0.5.jar:/Users/mennatallahyahia/.m2/repository/org/glassfish/jaxb/jaxb-core/4.0.5/jaxb-core-4.0.5.jar:/Users/mennatallahyahia/.m2/repository/org/eclipse/angus/angus-activation/2.0.2/angus-activation-2.0.2.jar:/Users/mennatallahyahia/.m2/repository/org/glassfish/jaxb/txw2/4.0.5/txw2-4.0.5.jar:/Users/mennatallahyahia/.m2/repository/com/sun/istack/istack-commons-runtime/4.1.2/istack-commons-runtime-4.1.2.jar:/Users/mennatallahyahia/.m2/repository/jakarta/inject/jakarta.inject-api/2.0.1/jakarta.inject-api-2.0.1.jar:/Users/mennatallahyahia/.m2/repository/org/antlr/antlr4-runtime/4.13.0/antlr4-runtime-4.13.0.jar:/Users/mennatallahyahia/.m2/repository/org/springframework/data/spring-data-jpa/3.5.0-SNAPSHOT/spring-data-jpa-3.5.0-SNAPSHOT.jar:/Users/mennatallahyahia/.m2/repository/org/springframework/data/spring-data-commons/3.5.0-SNAPSHOT/spring-data-commons-3.5.0-SNAPSHOT.jar:/Users/mennatallahyahia/.m2/repository/org/springframework/spring-orm/6.2.2/spring-orm-6.2.2.jar:/Users/mennatallahyahia/.m2/repository/org/springframework/spring-context/6.2.2/spring-context-6.2.2.jar:/Users/mennatallahyahia/.m2/repository/org/springframework/spring-aop/6.2.2/spring-aop-6.2.2.jar:/Users/mennatallahyahia/.m2/repository/org/springframework/spring-tx/6.2.2/spring-tx-6.2.2.jar:/Users/mennatallahyahia/.m2/repository/org/springframework/spring-beans/6.2.2/spring-beans-6.2.2.jar:/Users/mennatallahyahia/.m2/repository/org/springframework/spring-aspects/6.2.2/spring-aspects-6.2.2.jar:/Users/mennatallahyahia/.m2/repository/org/aspectj/aspectjweaver/1.9.22.1/aspectjweaver-1.9.22.1.jar:/Users/mennatallahyahia/.m2/repository/org/springframework/boot/spring-boot-starter-web/3.5.0-SNAPSHOT/spring-boot-starter-web-3.5.0-SNAPSHOT.jar:/Users/mennatallahyahia/.m2/repository/org/springframework/boot/spring-boot-starter-json/3.5.0-SNAPSHOT/spring-boot-starter-json-3.5.0-SNAPSHOT.jar:/Users/mennatallahyahia/.m2/repository/com/fasterxml/jackson/core/jackson-databind/2.18.2/jackson-databind-2.18.2.jar:/Users/mennatallahyahia/.m2/repository/com/fasterxml/jackson/core/jackson-annotations/2.18.2/jackson-annotations-2.18.2.jar:/Users/mennatallahyahia/.m2/repository/com/fasterxml/jackson/core/jackson-core/2.18.2/jackson-core-2.18.2.jar:/Users/mennatallahyahia/.m2/repository/com/fasterxml/jackson/datatype/jackson-datatype-jdk8/2.18.2/jackson-datatype-jdk8-2.18.2.jar:/Users/mennatallahyahia/.m2/repository/com/fasterxml/jackson/datatype/jackson-datatype-jsr310/2.18.2/jackson-datatype-jsr310-2.18.2.jar:/Users/mennatallahyahia/.m2/repository/com/fasterxml/jackson/module/jackson-module-parameter-names/2.18.2/jackson-module-parameter-names-2.18.2.jar:/Users/mennatallahyahia/.m2/repository/org/springframework/boot/spring-boot-starter-tomcat/3.5.0-SNAPSHOT/spring-boot-starter-tomcat-3.5.0-SNAPSHOT.jar:/Users/mennatallahyahia/.m2/repository/org/apache/tomcat/embed/tomcat-embed-core/10.1.34/tomcat-embed-core-10.1.34.jar:/Users/mennatallahyahia/.m2/repository/org/apache/tomcat/embed/tomcat-embed-websocket/10.1.34/tomcat-embed-websocket-10.1.34.jar:/Users/mennatallahyahia/.m2/repository/org/springframework/spring-web/6.2.2/spring-web-6.2.2.jar:/Users/mennatallahyahia/.m2/repository/io/micrometer/micrometer-observation/1.15.0-SNAPSHOT/micrometer-observation-1.15.0-SNAPSHOT.jar:/Users/mennatallahyahia/.m2/repository/io/micrometer/micrometer-commons/1.15.0-SNAPSHOT/micrometer-commons-1.15.0-SNAPSHOT.jar:/Users/mennatallahyahia/.m2/repository/org/springframework/spring-webmvc/6.2.2/spring-webmvc-6.2.2.jar:/Users/mennatallahyahia/.m2/repository/org/springframework/spring-expression/6.2.2/spring-expression-6.2.2.jar:/Users/mennatallahyahia/.m2/repository/org/springframework/boot/spring-boot-starter/3.5.0-SNAPSHOT/spring-boot-starter-3.5.0-SNAPSHOT.jar:/Users/mennatallahyahia/.m2/repository/org/springframework/boot/spring-boot/3.5.0-SNAPSHOT/spring-boot-3.5.0-SNAPSHOT.jar:/Users/mennatallahyahia/.m2/repository/org/springframework/boot/spring-boot-autoconfigure/3.5.0-SNAPSHOT/spring-boot-autoconfigure-3.5.0-SNAPSHOT.jar:/Users/mennatallahyahia/.m2/repository/org/springframework/boot/spring-boot-starter-logging/3.5.0-SNAPSHOT/spring-boot-starter-logging-3.5.0-SNAPSHOT.jar:/Users/mennatallahyahia/.m2/repository/org/apache/logging/log4j/log4j-to-slf4j/2.24.3/log4j-to-slf4j-2.24.3.jar:/Users/mennatallahyahia/.m2/repository/org/apache/logging/log4j/log4j-api/2.24.3/log4j-api-2.24.3.jar:/Users/mennatallahyahia/.m2/repository/org/slf4j/jul-to-slf4j/2.0.16/jul-to-slf4j-2.0.16.jar:/Users/mennatallahyahia/.m2/repository/jakarta/annotation/jakarta.annotation-api/2.1.1/jakarta.annotation-api-2.1.1.jar:/Users/mennatallahyahia/.m2/repository/org/springframework/spring-core/6.2.2/spring-core-6.2.2.jar:/Users/mennatallahyahia/.m2/repository/org/springframework/spring-jcl/6.2.2/spring-jcl-6.2.2.jar:/Users/mennatallahyahia/.m2/repository/org/yaml/snakeyaml/2.3/snakeyaml-2.3.jar:/Users/mennatallahyahia/.m2/repository/ch/qos/logback/logback-classic/1.5.16/logback-classic-1.5.16.jar:/Users/mennatallahyahia/.m2/repository/ch/qos/logback/logback-core/1.5.16/logback-core-1.5.16.jar:/Users/mennatallahyahia/.m2/repository/org/slf4j/slf4j-api/2.0.16/slf4j-api-2.0.16.jar:/Users/mennatallahyahia/.m2/repository/org/springframework/boot/spring-boot-starter-validation/3.5.0-SNAPSHOT/spring-boot-starter-validation-3.5.0-SNAPSHOT.jar:/Users/mennatallahyahia/.m2/repository/org/apache/tomcat/embed/tomcat-embed-el/10.1.34/tomcat-embed-el-10.1.34.jar:/Users/mennatallahyahia/.m2/repository/org/hibernate/validator/hibernate-validator/8.0.2.Final/hibernate-validator-8.0.2.Final.jar:/Users/mennatallahyahia/.m2/repository/jakarta/validation/jakarta.validation-api/3.0.2/jakarta.validation-api-3.0.2.jar:/Users/mennatallahyahia/.m2/repository/com/h2database/h2/2.3.232/h2-2.3.232.jar:/Users/mennatallahyahia/.m2/repository/org/springframework/boot/spring-boot-starter-test/3.5.0-SNAPSHOT/spring-boot-starter-test-3.5.0-SNAPSHOT.jar:/Users/mennatallahyahia/.m2/repository/org/springframework/boot/spring-boot-test/3.5.0-SNAPSHOT/spring-boot-test-3.5.0-SNAPSHOT.jar:/Users/mennatallahyahia/.m2/repository/org/springframework/boot/spring-boot-test-autoconfigure/3.5.0-SNAPSHOT/spring-boot-test-autoconfigure-3.5.0-SNAPSHOT.jar:/Users/mennatallahyahia/.m2/repository/com/jayway/jsonpath/json-path/2.9.0/json-path-2.9.0.jar:/Users/mennatallahyahia/.m2/repository/jakarta/xml/bind/jakarta.xml.bind-api/4.0.2/jakarta.xml.bind-api-4.0.2.jar:/Users/mennatallahyahia/.m2/repository/jakarta/activation/jakarta.activation-api/2.1.3/jakarta.activation-api-2.1.3.jar:/Users/mennatallahyahia/.m2/repository/net/minidev/json-smart/2.5.1/json-smart-2.5.1.jar:/Users/mennatallahyahia/.m2/repository/net/minidev/accessors-smart/2.5.1/accessors-smart-2.5.1.jar:/Users/mennatallahyahia/.m2/repository/org/ow2/asm/asm/9.6/asm-9.6.jar:/Users/mennatallahyahia/.m2/repository/org/assertj/assertj-core/3.27.3/assertj-core-3.27.3.jar:/Users/mennatallahyahia/.m2/repository/org/awaitility/awaitility/4.2.2/awaitility-4.2.2.jar:/Users/mennatallahyahia/.m2/repository/org/hamcrest/hamcrest/3.0/hamcrest-3.0.jar:/Users/mennatallahyahia/.m2/repository/org/junit/jupiter/junit-jupiter/5.11.4/junit-jupiter-5.11.4.jar:/Users/mennatallahyahia/.m2/repository/org/junit/jupiter/junit-jupiter-api/5.11.4/junit-jupiter-api-5.11.4.jar:/Users/mennatallahyahia/.m2/repository/org/opentest4j/opentest4j/1.3.0/opentest4j-1.3.0.jar:/Users/mennatallahyahia/.m2/repository/org/junit/platform/junit-platform-commons/1.11.4/junit-platform-commons-1.11.4.jar:/Users/mennatallahyahia/.m2/repository/org/apiguardian/apiguardian-api/1.1.2/apiguardian-api-1.1.2.jar:/Users/mennatallahyahia/.m2/repository/org/junit/jupiter/junit-jupiter-params/5.11.4/junit-jupiter-params-5.11.4.jar:/Users/mennatallahyahia/.m2/repository/org/junit/jupiter/junit-jupiter-engine/5.11.4/junit-jupiter-engine-5.11.4.jar:/Users/mennatallahyahia/.m2/repository/org/junit/platform/junit-platform-engine/1.11.4/junit-platform-engine-1.11.4.jar:/Users/mennatallahyahia/.m2/repository/org/mockito/mockito-core/5.15.2/mockito-core-5.15.2.jar:/Users/mennatallahyahia/.m2/repository/net/bytebuddy/byte-buddy-agent/1.17.0/byte-buddy-agent-1.17.0.jar:/Users/mennatallahyahia/.m2/repository/org/objenesis/objenesis/3.3/objenesis-3.3.jar:/Users/mennatallahyahia/.m2/repository/org/mockito/mockito-junit-jupiter/5.15.2/mockito-junit-jupiter-5.15.2.jar:/Users/mennatallahyahia/.m2/repository/org/skyscreamer/jsonassert/1.5.3/jsonassert-1.5.3.jar:/Users/mennatallahyahia/.m2/repository/com/vaadin/external/google/android-json/0.0.20131108.vaadin1/android-json-0.0.20131108.vaadin1.jar:/Users/mennatallahyahia/.m2/repository/org/springframework/spring-test/6.2.2/spring-test-6.2.2.jar:/Users/mennatallahyahia/.m2/repository/org/xmlunit/xmlunit-core/2.10.0/xmlunit-core-2.10.0.jar:/Users/mennatallahyahia/.m2/repository/org/mapstruct/mapstruct/1.6.3/mapstruct-1.6.3.jar:/Users/mennatallahyahia/.m2/repository/org/springdoc/springdoc-openapi-starter-webmvc-ui/2.6.0/springdoc-openapi-starter-webmvc-ui-2.6.0.jar:/Users/mennatallahyahia/.m2/repository/org/springdoc/springdoc-openapi-starter-webmvc-api/2.6.0/springdoc-openapi-starter-webmvc-api-2.6.0.jar:/Users/mennatallahyahia/.m2/repository/org/springdoc/springdoc-openapi-starter-common/2.6.0/springdoc-openapi-starter-common-2.6.0.jar:/Users/mennatallahyahia/.m2/repository/io/swagger/core/v3/swagger-core-jakarta/2.2.22/swagger-core-jakarta-2.2.22.jar:/Users/mennatallahyahia/.m2/repository/org/apache/commons/commons-lang3/3.17.0/commons-lang3-3.17.0.jar:/Users/mennatallahyahia/.m2/repository/io/swagger/core/v3/swagger-annotations-jakarta/2.2.22/swagger-annotations-jakarta-2.2.22.jar:/Users/mennatallahyahia/.m2/repository/io/swagger/core/v3/swagger-models-jakarta/2.2.22/swagger-models-jakarta-2.2.22.jar:/Users/mennatallahyahia/.m2/repository/com/fasterxml/jackson/dataformat/jackson-dataformat-yaml/2.18.2/jackson-dataformat-yaml-2.18.2.jar:/Users/mennatallahyahia/.m2/repository/org/webjars/swagger-ui/5.17.14/swagger-ui-5.17.14.jar:"/>
    <property name="sun.cpu.endian" value="little"/>
    <property name="user.home" value="/Users/mennatallahyahia"/>
    <property name="user.language" value="en"/>
    <property name="java.specification.vendor" value="Oracle Corporation"/>
    <property name="java.version.date" value="2023-10-17"/>
    <property name="java.home" value="/Users/mennatallahyahia/Library/Java/JavaVirtualMachines/semeru-17.0.9/Contents/Home"/>
    <property name="ibm.signalhandling.rs" value="false"/>
    <property name="openjdk.methodhandles" value="true"/>
    <property name="jdk.extensions.name" value="Extensions for OpenJDK for Eclipse OpenJ9"/>
    <property name="file.separator" value="/"/>
    <property name="basedir" value="/Users/mennatallahyahia/EmployeeManagementApi"/>
    <property name="line.separator" value="&#10;"/>
    <property name="java.vm.specification.vendor" value="Oracle Corporation"/>
    <property name="java.specification.name" value="Java Platform API Specification"/>
    <property name="java.compiler" value="j9jit29"/>
    <property name="FILE_LOG_CHARSET" value="UTF-8"/>
    <property name="com.ibm.util.extralibs.properties" value=""/>
    <property name="java.awt.graphicsenv" value="sun.awt.CGraphicsEnvironment"/>
    <property name="java.awt.headless" value="true"/>
    <property name="com.ibm.oti.configuration" value="scar"/>
    <property name="surefire.real.class.path" value="/Users/mennatallahyahia/EmployeeManagementApi/target/surefire/surefirebooter-20250210022258915_3.jar"/>
    <property name="com.ibm.oti.shared.enabled" value="false"/>
    <property name="com.ibm.oti.vm.bootstrap.library.path" value="/Users/mennatallahyahia/Library/Java/JavaVirtualMachines/semeru-17.0.9/Contents/Home/lib/default:/Users/mennatallahyahia/Library/Java/JavaVirtualMachines/semeru-17.0.9/Contents/Home/lib"/>
    <property name="com.ibm.cpu.endian" value="little"/>
    <property name="java.fullversion" value="17.0.9+9&#10;JRE 17 Mac OS X amd64-64-Bit Compressed References 20231017_583 (JIT enabled, AOT enabled)&#10;OpenJ9   - 461bf3c70&#10;OMR      - 5eee6ad9d&#10;JCL      - 3699725139c based on jdk-17.0.9+9"/>
    <property name="java.runtime.version" value="17.0.9+9"/>
    <property name="user.name" value="mennatallahyahia"/>
    <property name="path.separator" value=":"/>
    <property name="os.version" value="12.2.1"/>
    <property name="java.runtime.name" value="IBM Semeru Runtime Open Edition"/>
    <property name="ibm.signalhandling.sigint" value="true"/>
    <property name="file.encoding" value="UTF-8"/>
    <property name="java.vm.name" value="Eclipse OpenJ9 VM"/>
    <property name="java.vendor.version" value="17.0.9.0"/>
    <property name="ibm.signalhandling.sigchain" value="true"/>
    <property name="localRepository" value="/Users/mennatallahyahia/.m2/repository"/>
    <property name="java.vendor.url.bug" value="https://github.com/ibmruntimes/Semeru-Runtimes/issues"/>
    <property name="java.io.tmpdir" value="/var/folders/xb/m1r4v19j6rx53vq_qcn1w0740000gn/T/"/>
    <property name="idea.version" value="2022.3"/>
    <property name="java.version" value="17.0.9"/>
    <property name="com.ibm.system.agent.path" value="/Users/mennatallahyahia/Library/Java/JavaVirtualMachines/semeru-17.0.9/Contents/Home/lib"/>
    <property name="user.dir" value="/Users/mennatallahyahia/EmployeeManagementApi"/>
    <property name="os.arch" value="x86_64"/>
    <property name="java.vm.specification.name" value="Java Virtual Machine Specification"/>
    <property name="PID" value="6462"/>
    <property name="java.awt.printerjob" value="sun.lwawt.macosx.CPrinterJob"/>
    <property name="os.encoding" value="UTF-8"/>
    <property name="CONSOLE_LOG_CHARSET" value="UTF-8"/>
    <property name="native.encoding" value="UTF-8"/>
    <property name="java.library.path" value="/Users/mennatallahyahia/Library/Java/JavaVirtualMachines/semeru-17.0.9/Contents/Home/lib/default:/Users/mennatallahyahia/Library/Java/JavaVirtualMachines/semeru-17.0.9/Contents/Home/lib:/usr/lib"/>
    <property name="java.vm.info" value="JRE 17 Mac OS X amd64-64-Bit Compressed References 20231017_583 (JIT enabled, AOT enabled)&#10;OpenJ9   - 461bf3c70&#10;OMR      - 5eee6ad9d&#10;JCL      - 3699725139c based on jdk-17.0.9+9"/>
    <property name="java.vendor" value="IBM Corporation"/>
    <property name="java.vm.version" value="openj9-0.41.0"/>
    <property name="ibm.system.encoding" value="UTF-8"/>
    <property name="com.ibm.jcl.checkClassPath" value=""/>
    <property name="java.lang.invoke.VarHandle.VAR_HANDLE_GUARDS" value="false"/>
    <property name="sun.io.unicode.encoding" value="UnicodeLittle"/>
    <property name="java.class.version" value="61.0"/>
  </properties>
  <testcase name="testGetEmployeeById" classname="com.employee.management.demo.controller.EmployeeControllerTest" time="0.232">
    <system-out><![CDATA[02:23:00.277 [main] INFO  o.s.t.c.s.AnnotationConfigContextLoaderUtils - Could not detect default configuration classes for test class [com.employee.management.demo.controller.EmployeeControllerTest]: EmployeeControllerTest does not declare any static, non-private, non-final, nested classes annotated with @Configuration.
02:23:00.467 [main] INFO  o.s.b.t.c.SpringBootTestContextBootstrapper - Found @SpringBootConfiguration com.employee.management.demo.DemoApplication for test class com.employee.management.demo.controller.EmployeeControllerTest
02:23:00.914 [background-preinit] INFO  o.h.validator.internal.util.Version - HV000001: Hibernate Validator 8.0.2.Final

  .   ____          _            __ _ _
 /\\ / ___'_ __ _ _(_)_ __  __ _ \ \ \ \
( ( )\___ | '_ | '_| | '_ \/ _` | \ \ \ \
 \\/  ___)| |_)| | | | | || (_| |  ) ) ) )
  '  |____| .__|_| |_|_| |_\__, | / / / /
 =========|_|==============|___/=/_/_/_/

 :: Spring Boot ::       (v3.5.0-SNAPSHOT)

02:23:01.013 [main] INFO  c.e.m.d.c.EmployeeControllerTest - Starting EmployeeControllerTest using Java 17.0.9 with PID 6462 (started by mennatallahyahia in /Users/mennatallahyahia/EmployeeManagementApi)
02:23:01.015 [main] INFO  c.e.m.d.c.EmployeeControllerTest - The following 1 profile is active: "dev"
02:23:03.605 [main] INFO  o.s.b.t.m.w.SpringBootMockServletContext - Initializing Spring TestDispatcherServlet ''
02:23:03.605 [main] INFO  o.s.t.w.s.TestDispatcherServlet - Initializing Servlet ''
02:23:03.609 [main] INFO  o.s.t.w.s.TestDispatcherServlet - Completed initialization in 3 ms
02:23:03.654 [main] INFO  c.e.m.d.c.EmployeeControllerTest - Started EmployeeControllerTest in 3.104 seconds (process running for 4.579)
]]></system-out>
  </testcase>
  <testcase name="testCreateValidEmployee" classname="com.employee.management.demo.controller.EmployeeControllerTest" time="0.121"/>
</testsuite>